
         /\      Grafana   /‾‾/  
    /\  /  \     |\  __   /  /   
   /  \/    \    | |/ /  /   ‾‾\ 
  /          \   |   (  |  (‾)  |
 / __________ \  |_|\_\  \_____/ 

     execution: local
        script: place_order_test.js
 web dashboard: http://127.0.0.1:5665
        output: -

     scenarios: (100.00%) 1 scenario, 20 max VUs, 1m0s max duration (incl. graceful stop):
              * default: 20 looping VUs for 30s (gracefulStop: 30s)


running (0m01.0s), 20/20 VUs, 0 complete and 0 interrupted iterations
default   [   3% ] 20 VUs  01.0s/30s

running (0m02.0s), 20/20 VUs, 20 complete and 0 interrupted iterations
default   [   7% ] 20 VUs  02.0s/30s

running (0m03.0s), 20/20 VUs, 40 complete and 0 interrupted iterations
default   [  10% ] 20 VUs  03.0s/30s

running (0m03.1s), 20/20 VUs, 60 complete and 0 interrupted iterations
default   [  13% ] 20 VUs  04.0s/30s

running (0m04.1s), 20/20 VUs, 80 complete and 0 interrupted iterations
default   [  17% ] 20 VUs  05.0s/30s

running (0m05.1s), 20/20 VUs, 100 complete and 0 interrupted iterations
default   [  20% ] 20 VUs  06.0s/30s

running (0m06.1s), 20/20 VUs, 120 complete and 0 interrupted iterations
default   [  23% ] 20 VUs  07.0s/30s

running (0m07.1s), 20/20 VUs, 140 complete and 0 interrupted iterations
default   [  27% ] 20 VUs  08.0s/30s

running (0m08.1s), 20/20 VUs, 160 complete and 0 interrupted iterations
default   [  30% ] 20 VUs  09.0s/30s

running (0m09.1s), 20/20 VUs, 180 complete and 0 interrupted iterations
default   [  33% ] 20 VUs  10.0s/30s

running (0m10.1s), 20/20 VUs, 200 complete and 0 interrupted iterations
default   [  37% ] 20 VUs  11.0s/30s

running (0m11.1s), 20/20 VUs, 220 complete and 0 interrupted iterations
default   [  40% ] 20 VUs  12.0s/30s

running (0m12.1s), 20/20 VUs, 240 complete and 0 interrupted iterations
default   [  43% ] 20 VUs  13.0s/30s

running (0m13.1s), 20/20 VUs, 260 complete and 0 interrupted iterations
default   [  47% ] 20 VUs  14.0s/30s

running (0m14.1s), 20/20 VUs, 280 complete and 0 interrupted iterations
default   [  50% ] 20 VUs  15.0s/30s

running (0m15.1s), 20/20 VUs, 300 complete and 0 interrupted iterations
default   [  53% ] 20 VUs  16.0s/30s

running (0m16.1s), 20/20 VUs, 320 complete and 0 interrupted iterations
default   [  57% ] 20 VUs  17.0s/30s

running (0m17.1s), 20/20 VUs, 340 complete and 0 interrupted iterations
default   [  60% ] 20 VUs  18.0s/30s

running (0m18.1s), 20/20 VUs, 360 complete and 0 interrupted iterations
default   [  63% ] 20 VUs  19.0s/30s

running (0m19.1s), 20/20 VUs, 380 complete and 0 interrupted iterations
default   [  67% ] 20 VUs  20.0s/30s

running (0m20.1s), 20/20 VUs, 400 complete and 0 interrupted iterations
default   [  70% ] 20 VUs  21.0s/30s

running (0m21.1s), 20/20 VUs, 420 complete and 0 interrupted iterations
default   [  73% ] 20 VUs  22.0s/30s

running (0m22.1s), 20/20 VUs, 440 complete and 0 interrupted iterations
default   [  77% ] 20 VUs  23.0s/30s

running (0m23.1s), 20/20 VUs, 460 complete and 0 interrupted iterations
default   [  80% ] 20 VUs  24.0s/30s

running (0m24.1s), 20/20 VUs, 480 complete and 0 interrupted iterations
default   [  83% ] 20 VUs  25.0s/30s

running (0m25.1s), 20/20 VUs, 500 complete and 0 interrupted iterations
default   [  87% ] 20 VUs  26.0s/30s

running (0m26.1s), 20/20 VUs, 520 complete and 0 interrupted iterations
default   [  90% ] 20 VUs  27.0s/30s

running (0m27.1s), 20/20 VUs, 540 complete and 0 interrupted iterations
default   [  93% ] 20 VUs  28.0s/30s

running (0m28.1s), 20/20 VUs, 560 complete and 0 interrupted iterations
default   [  97% ] 20 VUs  29.0s/30s

running (0m29.1s), 20/20 VUs, 580 complete and 0 interrupted iterations
default   [ 100% ] 20 VUs  30.0s/30s


  █ TOTAL RESULTS 

    checks_total.......: 600     20.506987/s
    checks_succeeded...: 100.00% 600 out of 600
    checks_failed......: 0.00%   0 out of 600

    ✓ status is 201

    HTTP
    http_req_duration..............: avg=2.66ms min=597.84µs med=1.66ms max=27.75ms p(90)=3.59ms p(95)=6.1ms
      { expected_response:true }...: avg=2.66ms min=597.84µs med=1.66ms max=27.75ms p(90)=3.59ms p(95)=6.1ms
    http_req_failed................: 0.00%  0 out of 600
    http_reqs......................: 600    20.506987/s

    EXECUTION
    iteration_duration.............: avg=1s     min=1s       med=1s     max=1.02s   p(90)=1s     p(95)=1s   
    iterations.....................: 600    20.506987/s
    vus............................: 20     min=20       max=20
    vus_max........................: 20     min=20       max=20

    NETWORK
    data_received..................: 310 kB 11 kB/s
    data_sent......................: 95 kB  3.2 kB/s




running (0m29.3s), 00/20 VUs, 600 complete and 0 interrupted iterations
default ✓ [ 100% ] 20 VUs  30s
